# JRE version: Java(TM) SE Runtime Environment (8.0_151-b12) (build 1.8.0_151-b12)
# Java VM: Java HotSpot(TM) 64-Bit Server VM (25.151-b12 mixed mode windows-amd64 compressed oops)
Heap:
 garbage-first heap   total 131072K, used 75776K [0x00000000c0000000, 0x00000000c0100400, 0x0000000100000000)
  region size 1024K, 24 young (24576K), 9 survivors (9216K)
 Metaspace       used 48699K, capacity 51258K, committed 51408K, reserved 1095680K
  class space    used 5070K, capacity 5832K, committed 5888K, reserved 1048576K
GC Heap History (10 events):
Event: 10.831 GC heap before
{Heap before GC invocations=5 (full 0):
 garbage-first heap   total 131072K, used 86303K [0x00000000c0000000, 0x00000000c0100400, 0x0000000100000000)
  region size 1024K, 76 young (77824K), 7 survivors (7168K)
 Metaspace       used 26753K, capacity 28080K, committed 28288K, reserved 1075200K
  class space    used 2929K, capacity 3391K, committed 3456K, reserved 1048576K
Event: 10.852 GC heap after
Heap after GC invocations=6 (full 0):
 garbage-first heap   total 131072K, used 25862K [0x00000000c0000000, 0x00000000c0100400, 0x0000000100000000)
  region size 1024K, 10 young (10240K), 10 survivors (10240K)
 Metaspace       used 26753K, capacity 28080K, committed 28288K, reserved 1075200K
  class space    used 2929K, capacity 3391K, committed 3456K, reserved 1048576K
}
Event: 14.395 GC heap before
{Heap before GC invocations=6 (full 0):
 garbage-first heap   total 131072K, used 66822K [0x00000000c0000000, 0x00000000c0100400, 0x0000000100000000)
  region size 1024K, 51 young (52224K), 10 survivors (10240K)
 Metaspace       used 33739K, capacity 35792K, committed 35920K, reserved 1081344K
  class space    used 3744K, capacity 4409K, committed 4480K, reserved 1048576K
Event: 14.422 GC heap after
Heap after GC invocations=7 (full 0):
 garbage-first heap   total 131072K, used 34304K [0x00000000c0000000, 0x00000000c0100400, 0x0000000100000000)
  region size 1024K, 10 young (10240K), 10 survivors (10240K)
 Metaspace       used 33739K, capacity 35792K, committed 35920K, reserved 1081344K
  class space    used 3744K, capacity 4409K, committed 4480K, reserved 1048576K
}
Event: 19.174 GC heap before
{Heap before GC invocations=8 (full 0):
 garbage-first heap   total 131072K, used 96256K [0x00000000c0000000, 0x00000000c0100400, 0x0000000100000000)
  region size 1024K, 76 young (77824K), 10 survivors (10240K)
 Metaspace       used 40153K, capacity 42484K, committed 42704K, reserved 1087488K
  class space    used 4369K, capacity 5108K, committed 5120K, reserved 1048576K
Event: 19.202 GC heap after
Heap after GC invocations=9 (full 0):
 garbage-first heap   total 131072K, used 40960K [0x00000000c0000000, 0x00000000c0100400, 0x0000000100000000)
  region size 1024K, 10 young (10240K), 10 survivors (10240K)
 Metaspace       used 40153K, capacity 42484K, committed 42704K, reserved 1087488K
  class space    used 4369K, capacity 5108K, committed 5120K, reserved 1048576K
}
Event: 24.371 GC heap before
{Heap before GC invocations=9 (full 0):
 garbage-first heap   total 131072K, used 106496K [0x00000000c0000000, 0x00000000c0100400, 0x0000000100000000)
  region size 1024K, 74 young (75776K), 10 survivors (10240K)
 Metaspace       used 47182K, capacity 49706K, committed 50000K, reserved 1093632K
  class space    used 4936K, capacity 5689K, committed 5760K, reserved 1048576K
Event: 24.398 GC heap after
Heap after GC invocations=10 (full 0):
 garbage-first heap   total 131072K, used 50176K [0x00000000c0000000, 0x00000000c0100400, 0x0000000100000000)
  region size 1024K, 10 young (10240K), 10 survivors (10240K)
 Metaspace       used 47182K, capacity 49706K, committed 50000K, reserved 1093632K
  class space    used 4936K, capacity 5689K, committed 5760K, reserved 1048576K
}
Event: 1795.262 GC heap before
{Heap before GC invocations=10 (full 0):
 garbage-first heap   total 131072K, used 106496K [0x00000000c0000000, 0x00000000c0100400, 0x0000000100000000)
  region size 1024K, 65 young (66560K), 10 survivors (10240K)
 Metaspace       used 48561K, capacity 51098K, committed 51408K, reserved 1095680K
  class space    used 5050K, capacity 5800K, committed 5888K, reserved 1048576K
Event: 1795.325 GC heap after
Heap after GC invocations=11 (full 0):
 garbage-first heap   total 131072K, used 61440K [0x00000000c0000000, 0x00000000c0100400, 0x0000000100000000)
  region size 1024K, 9 young (9216K), 9 survivors (9216K)
 Metaspace       used 48561K, capacity 51098K, committed 51408K, reserved 1095680K
  class space    used 5050K, capacity 5800K, committed 5888K, reserved 1048576K
}

