# JRE version: Java(TM) SE Runtime Environment (8.0_151-b12) (build 1.8.0_151-b12)
# Java VM: Java HotSpot(TM) 64-Bit Server VM (25.151-b12 mixed mode windows-amd64 compressed oops)
Heap:
 PSYoungGen      total 342528K, used 913K [0x00000000d5f00000, 0x00000000ed180000, 0x0000000100000000)
  eden space 341504K, 0% used [0x00000000d5f00000,0x00000000d5f00000,0x00000000eac80000)
  from space 1024K, 89% used [0x00000000eac80000,0x00000000ead64720,0x00000000ead80000)
  to   space 18944K, 0% used [0x00000000ebf00000,0x00000000ebf00000,0x00000000ed180000)
 ParOldGen       total 64512K, used 12762K [0x0000000081c00000, 0x0000000085b00000, 0x00000000d5f00000)
  object space 64512K, 19% used [0x0000000081c00000,0x0000000082876908,0x0000000085b00000)
 Metaspace       used 22891K, capacity 23700K, committed 23984K, reserved 1071104K
  class space    used 2609K, capacity 2883K, committed 2992K, reserved 1048576K
GC Heap History (10 events):
Event: 19.652 GC heap after
Heap after GC invocations=16 (full 3):
 PSYoungGen      total 360960K, used 96K [0x00000000d5f00000, 0x00000000ed380000, 0x0000000100000000)
  eden space 340992K, 0% used [0x00000000d5f00000,0x00000000d5f00000,0x00000000eac00000)
  from space 19968K, 0% used [0x00000000eac00000,0x00000000eac18000,0x00000000ebf80000)
  to   space 19968K, 0% used [0x00000000ec000000,0x00000000ec000000,0x00000000ed380000)
 ParOldGen       total 64512K, used 13650K [0x0000000081c00000, 0x0000000085b00000, 0x00000000d5f00000)
  object space 64512K, 21% used [0x0000000081c00000,0x00000000829549d0,0x0000000085b00000)
 Metaspace       used 22275K, capacity 22908K, committed 23344K, reserved 1069056K
  class space    used 2551K, capacity 2747K, committed 2864K, reserved 1048576K
}
Event: 19.652 GC heap before
{Heap before GC invocations=17 (full 4):
 PSYoungGen      total 360960K, used 96K [0x00000000d5f00000, 0x00000000ed380000, 0x0000000100000000)
  eden space 340992K, 0% used [0x00000000d5f00000,0x00000000d5f00000,0x00000000eac00000)
  from space 19968K, 0% used [0x00000000eac00000,0x00000000eac18000,0x00000000ebf80000)
  to   space 19968K, 0% used [0x00000000ec000000,0x00000000ec000000,0x00000000ed380000)
 ParOldGen       total 64512K, used 13650K [0x0000000081c00000, 0x0000000085b00000, 0x00000000d5f00000)
  object space 64512K, 21% used [0x0000000081c00000,0x00000000829549d0,0x0000000085b00000)
 Metaspace       used 22275K, capacity 22908K, committed 23344K, reserved 1069056K
  class space    used 2551K, capacity 2747K, committed 2864K, reserved 1048576K
Event: 19.697 GC heap after
Heap after GC invocations=17 (full 4):
 PSYoungGen      total 360960K, used 0K [0x00000000d5f00000, 0x00000000ed380000, 0x0000000100000000)
  eden space 340992K, 0% used [0x00000000d5f00000,0x00000000d5f00000,0x00000000eac00000)
  from space 19968K, 0% used [0x00000000eac00000,0x00000000eac00000,0x00000000ebf80000)
  to   space 19968K, 0% used [0x00000000ec000000,0x00000000ec000000,0x00000000ed380000)
 ParOldGen       total 64512K, used 12754K [0x0000000081c00000, 0x0000000085b00000, 0x00000000d5f00000)
  object space 64512K, 19% used [0x0000000081c00000,0x0000000082874908,0x0000000085b00000)
 Metaspace       used 22275K, capacity 22908K, committed 23344K, reserved 1069056K
  class space    used 2551K, capacity 2747K, committed 2864K, reserved 1048576K
}
Event: 19.698 GC heap before
{Heap before GC invocations=18 (full 4):
 PSYoungGen      total 360960K, used 0K [0x00000000d5f00000, 0x00000000ed380000, 0x0000000100000000)
  eden space 340992K, 0% used [0x00000000d5f00000,0x00000000d5f00000,0x00000000eac00000)
  from space 19968K, 0% used [0x00000000eac00000,0x00000000eac00000,0x00000000ebf80000)
  to   space 19968K, 0% used [0x00000000ec000000,0x00000000ec000000,0x00000000ed380000)
 ParOldGen       total 64512K, used 12754K [0x0000000081c00000, 0x0000000085b00000, 0x00000000d5f00000)
  object space 64512K, 19% used [0x0000000081c00000,0x0000000082874908,0x0000000085b00000)
 Metaspace       used 22275K, capacity 22908K, committed 23344K, reserved 1069056K
  class space    used 2551K, capacity 2747K, committed 2864K, reserved 1048576K
Event: 19.699 GC heap after
Heap after GC invocations=18 (full 4):
 PSYoungGen      total 360448K, used 0K [0x00000000d5f00000, 0x00000000ed280000, 0x0000000100000000)
  eden space 341504K, 0% used [0x00000000d5f00000,0x00000000d5f00000,0x00000000eac80000)
  from space 18944K, 0% used [0x00000000ec000000,0x00000000ec000000,0x00000000ed280000)
  to   space 19456K, 0% used [0x00000000eac80000,0x00000000eac80000,0x00000000ebf80000)
 ParOldGen       total 64512K, used 12754K [0x0000000081c00000, 0x0000000085b00000, 0x00000000d5f00000)
  object space 64512K, 19% used [0x0000000081c00000,0x0000000082874908,0x0000000085b00000)
 Metaspace       used 22275K, capacity 22908K, committed 23344K, reserved 1069056K
  class space    used 2551K, capacity 2747K, committed 2864K, reserved 1048576K
}
Event: 19.699 GC heap before
{Heap before GC invocations=19 (full 5):
 PSYoungGen      total 360448K, used 0K [0x00000000d5f00000, 0x00000000ed280000, 0x0000000100000000)
  eden space 341504K, 0% used [0x00000000d5f00000,0x00000000d5f00000,0x00000000eac80000)
  from space 18944K, 0% used [0x00000000ec000000,0x00000000ec000000,0x00000000ed280000)
  to   space 19456K, 0% used [0x00000000eac80000,0x00000000eac80000,0x00000000ebf80000)
 ParOldGen       total 64512K, used 12754K [0x0000000081c00000, 0x0000000085b00000, 0x00000000d5f00000)
  object space 64512K, 19% used [0x0000000081c00000,0x0000000082874908,0x0000000085b00000)
 Metaspace       used 22275K, capacity 22908K, committed 23344K, reserved 1069056K
  class space    used 2551K, capacity 2747K, committed 2864K, reserved 1048576K
Event: 19.746 GC heap after
Heap after GC invocations=19 (full 5):
 PSYoungGen      total 360448K, used 0K [0x00000000d5f00000, 0x00000000ed280000, 0x0000000100000000)
  eden space 341504K, 0% used [0x00000000d5f00000,0x00000000d5f00000,0x00000000eac80000)
  from space 18944K, 0% used [0x00000000ec000000,0x00000000ec000000,0x00000000ed280000)
  to   space 19456K, 0% used [0x00000000eac80000,0x00000000eac80000,0x00000000ebf80000)
 ParOldGen       total 64512K, used 12754K [0x0000000081c00000, 0x0000000085b00000, 0x00000000d5f00000)
  object space 64512K, 19% used [0x0000000081c00000,0x0000000082874908,0x0000000085b00000)
 Metaspace       used 22275K, capacity 22908K, committed 23344K, reserved 1069056K
  class space    used 2551K, capacity 2747K, committed 2864K, reserved 1048576K
}
Event: 20.209 GC heap before
{Heap before GC invocations=20 (full 5):
 PSYoungGen      total 360448K, used 13409K [0x00000000d5f00000, 0x00000000ed280000, 0x0000000100000000)
  eden space 341504K, 3% used [0x00000000d5f00000,0x00000000d6c18458,0x00000000eac80000)
  from space 18944K, 0% used [0x00000000ec000000,0x00000000ec000000,0x00000000ed280000)
  to   space 19456K, 0% used [0x00000000eac80000,0x00000000eac80000,0x00000000ebf80000)
 ParOldGen       total 64512K, used 12754K [0x0000000081c00000, 0x0000000085b00000, 0x00000000d5f00000)
  object space 64512K, 19% used [0x0000000081c00000,0x0000000082874908,0x0000000085b00000)
 Metaspace       used 22891K, capacity 23700K, committed 23984K, reserved 1071104K
  class space    used 2609K, capacity 2883K, committed 2992K, reserved 1048576K
Event: 20.212 GC heap after
Heap after GC invocations=20 (full 5):
 PSYoungGen      total 342528K, used 913K [0x00000000d5f00000, 0x00000000ed180000, 0x0000000100000000)
  eden space 341504K, 0% used [0x00000000d5f00000,0x00000000d5f00000,0x00000000eac80000)
  from space 1024K, 89% used [0x00000000eac80000,0x00000000ead64720,0x00000000ead80000)
  to   space 18944K, 0% used [0x00000000ebf00000,0x00000000ebf00000,0x00000000ed180000)
 ParOldGen       total 64512K, used 12762K [0x0000000081c00000, 0x0000000085b00000, 0x00000000d5f00000)
  object space 64512K, 19% used [0x0000000081c00000,0x0000000082876908,0x0000000085b00000)
 Metaspace       used 22891K, capacity 23700K, committed 23984K, reserved 1071104K
  class space    used 2609K, capacity 2883K, committed 2992K, reserved 1048576K
}
Event: 20.212 GC heap before
{Heap before GC invocations=21 (full 6):
 PSYoungGen      total 342528K, used 913K [0x00000000d5f00000, 0x00000000ed180000, 0x0000000100000000)
  eden space 341504K, 0% used [0x00000000d5f00000,0x00000000d5f00000,0x00000000eac80000)
  from space 1024K, 89% used [0x00000000eac80000,0x00000000ead64720,0x00000000ead80000)
  to   space 18944K, 0% used [0x00000000ebf00000,0x00000000ebf00000,0x00000000ed180000)
 ParOldGen       total 64512K, used 12762K [0x0000000081c00000, 0x0000000085b00000, 0x00000000d5f00000)
  object space 64512K, 19% used [0x0000000081c00000,0x0000000082876908,0x0000000085b00000)
 Metaspace       used 22891K, capacity 23700K, committed 23984K, reserved 1071104K
  class space    used 2609K, capacity 2883K, committed 2992K, reserved 1048576K

